6;A;4;3;4;4;S;1
7;A;4;4;4;5;S;1
8;A;4;5;4;6;S;1
9;A;4;6;4;7;S;1
10;A;4;7;4;8;S;1
11;A;4;8;4;9;S;1
12;A;4;9;4;10;S;1
13;A;4;10;4;11;S;1
14;A;4;11;4;12;S;1
15;A;4;12;4;13;S;1
16;A;4;13;4;14;S;1
17;A;4;14;4;15;S;1
18;A;4;15;5;15;P;1
19;B;6;15;5;15;G;0
20;A;4;15;4;14;S;0
21;B;6;15;6;16;S;0
22;B;6;16;7;16;S;0
23;B;7;16;8;16;S;0
1;C;13;44;14;44;S;1
2;C;14;44;15;44;S;1
3;C;15;44;16;44;S;1
4;C;16;44;17;44;P;1

## Ações podem ser executadas em um mesmo tempo lógico, desde que não tenham dependências. Este é o exemplo!
